[debug] [2026-01-06T06:48:53.027Z] ----------------------------------------------------------------------
[debug] [2026-01-06T06:48:53.038Z] Command:       /usr/local/bin/firebase /Users/saumya/.cache/firebase/tools/lib/node_modules/firebase-tools/lib/bin/firebase init
[debug] [2026-01-06T06:48:53.039Z] CLI Version:   14.2.1
[debug] [2026-01-06T06:48:53.039Z] Platform:      darwin
[debug] [2026-01-06T06:48:53.039Z] Node Version:  v20.18.2
[debug] [2026-01-06T06:48:53.039Z] Time:          Tue Jan 06 2026 12:18:53 GMT+0530 (India Standard Time)
[debug] [2026-01-06T06:48:53.040Z] ----------------------------------------------------------------------
[debug] 
[debug] [2026-01-06T06:48:53.048Z] > command requires scopes: ["email","openid","https://www.googleapis.com/auth/cloudplatformprojects.readonly","https://www.googleapis.com/auth/firebase","https://www.googleapis.com/auth/cloud-platform"]
[debug] [2026-01-06T06:48:53.049Z] > authorizing via signed-in user (saumyakr181999@gmail.com)
[info] 
     ######## #### ########  ######## ########     ###     ######  ########
     ##        ##  ##     ## ##       ##     ##  ##   ##  ##       ##
     ######    ##  ########  ######   ########  #########  ######  ######
     ##        ##  ##    ##  ##       ##     ## ##     ##       ## ##
     ##       #### ##     ## ######## ########  ##     ##  ######  ########

You're about to initialize a Firebase project in this directory:

  /Users/saumya/Projects/my_portfolio_2026

[info] 
=== Project Setup
[info] 
[info] First, let's associate this project directory with a Firebase project.
[info] You can create multiple project aliases by running firebase use --add, 
[info] but for now we'll just set up a default project.
[info] 
[debug] [2026-01-06T06:49:58.420Z] Checked if tokens are valid: true, expires at: 1767685576313
[debug] [2026-01-06T06:49:58.421Z] Checked if tokens are valid: true, expires at: 1767685576313
[debug] [2026-01-06T06:49:58.424Z] >>> [apiv2][query] GET https://firebase.googleapis.com/v1beta1/projects pageSize=100
[debug] [2026-01-06T06:49:59.377Z] <<< [apiv2][status] GET https://firebase.googleapis.com/v1beta1/projects 200
[debug] [2026-01-06T06:49:59.377Z] <<< [apiv2][body] GET https://firebase.googleapis.com/v1beta1/projects [omitted]
[info] i  Using project saumya-kumar (Portfolio) 
[info] 
=== Hosting Setup
[debug] [2026-01-06T06:50:03.780Z] Checked if tokens are valid: true, expires at: 1767685576313
[debug] [2026-01-06T06:50:03.780Z] Checked if tokens are valid: true, expires at: 1767685576313
[debug] [2026-01-06T06:50:03.780Z] >>> [apiv2][query] GET https://firebase.googleapis.com/v1beta1/projects/saumya-kumar [none]
[debug] [2026-01-06T06:50:04.209Z] <<< [apiv2][status] GET https://firebase.googleapis.com/v1beta1/projects/saumya-kumar 200
[debug] [2026-01-06T06:50:04.210Z] <<< [apiv2][body] GET https://firebase.googleapis.com/v1beta1/projects/saumya-kumar {"projectId":"saumya-kumar","projectNumber":"525126500878","displayName":"Portfolio","name":"projects/saumya-kumar","resources":{"hostingSite":"saumya-kumar"},"state":"ACTIVE","etag":"1_84529153-6a29-40ba-8867-32ef2ab20a46"}
[info] 
[info] Your public directory is the folder (relative to your project directory) that
[info] will contain Hosting assets to be uploaded with firebase deploy. If you
[info] have a build process for your assets, use your build's output directory.
[info] 
[debug] [2026-01-06T06:50:34.660Z] >>> [apiv2][query] GET https://www.gstatic.com/firebasejs/releases.json [none]
[debug] [2026-01-06T06:50:34.985Z] <<< [apiv2][status] GET https://www.gstatic.com/firebasejs/releases.json 200
[debug] [2026-01-06T06:50:34.986Z] <<< [apiv2][body] GET https://www.gstatic.com/firebasejs/releases.json {"current":{"version":"12.7.0","browserURL":"https://www.gstatic.com/firebasejs/12.7.0/firebase.js","packageURL":"https://www.gstatic.com/firebasejs/12.7.0/firebase.tgz"},"live":{"version":"12.7","browserURL":"https://www.gstatic.com/firebasejs/live/12.7/firebase.js","packageURL":"https://www.gstatic.com/firebasejs/live/12.7/firebase.tgz"},"components":{"ai":"https://www.gstatic.com/firebasejs/12.7.0/firebase-ai.js","analytics":"https://www.gstatic.com/firebasejs/12.7.0/firebase-analytics.js","app":"https://www.gstatic.com/firebasejs/12.7.0/firebase-app.js","app-check":"https://www.gstatic.com/firebasejs/12.7.0/firebase-app-check.js","auth":"https://www.gstatic.com/firebasejs/12.7.0/firebase-auth.js","auth/cordova":"https://www.gstatic.com/firebasejs/12.7.0/firebase-auth/cordova.js","auth/web-extension":"https://www.gstatic.com/firebasejs/12.7.0/firebase-auth/web-extension.js","functions":"https://www.gstatic.com/firebasejs/12.7.0/firebase-functions.js","firestore":"https://www.gstatic.com/firebasejs/12.7.0/firebase-firestore.js","firestore/lite":"https://www.gstatic.com/firebasejs/12.7.0/firebase-firestore/lite.js","installations":"https://www.gstatic.com/firebasejs/12.7.0/firebase-installations.js","storage":"https://www.gstatic.com/firebasejs/12.7.0/firebase-storage.js","performance":"https://www.gstatic.com/firebasejs/12.7.0/firebase-performance.js","remote-config":"https://www.gstatic.com/firebasejs/12.7.0/firebase-remote-config.js","messaging":"https://www.gstatic.com/firebasejs/12.7.0/firebase-messaging.js","messaging/sw":"https://www.gstatic.com/firebasejs/12.7.0/firebase-messaging/sw.js","database":"https://www.gstatic.com/firebasejs/12.7.0/firebase-database.js","data-connect":"https://www.gstatic.com/firebasejs/12.7.0/firebase-data-connect.js","firestore.memory":"https://www.gstatic.com/firebasejs/12.7.0/firebase-firestore.memory.js"}}
[info] ✔  Wrote dist/index.html 
[info] 
[info] i  Didn't detect a .git folder. Assuming /Users/saumya/Projects/my_portfolio_2026 is the project root. 
[info] i  Authorizing with GitHub to upload your service account to a GitHub repository's secrets store. 
[info] 
[info] Visit this URL on this device to log in:
[info] https://github.com/login/oauth/authorize?client_id=89cf50f02ac6aaed3484&state=839835606&redirect_uri=http%3A%2F%2Flocalhost%3A9005&scope=read%3Auser%20repo%20public_repo
[info] 
[info] Waiting for authentication...
[debug] [2026-01-06T06:50:36.325Z] >>> [apiv2][query] POST https://github.com/login/oauth/access_token [none]
[debug] [2026-01-06T06:50:36.326Z] >>> [apiv2][body] POST https://github.com/login/oauth/access_token [stream]
[debug] [2026-01-06T06:50:36.832Z] <<< [apiv2][status] POST https://github.com/login/oauth/access_token 200
[debug] [2026-01-06T06:50:36.832Z] <<< [apiv2][body] POST https://github.com/login/oauth/access_token {"access_token":"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","token_type":"bearer","scope":"read:user,repo"}
[debug] [2026-01-06T06:50:36.836Z] >>> [apiv2][query] GET https://api.github.com/user [none]
[debug] [2026-01-06T06:50:37.500Z] <<< [apiv2][status] GET https://api.github.com/user 200
[debug] [2026-01-06T06:50:37.502Z] <<< [apiv2][body] GET https://api.github.com/user {"login":"saumyakr1232","id":53995365,"node_id":"MDQ6VXNlcjUzOTk1MzY1","avatar_url":"https://avatars.githubusercontent.com/u/53995365?v=4","gravatar_id":"","url":"https://api.github.com/users/saumyakr1232","html_url":"https://github.com/saumyakr1232","followers_url":"https://api.github.com/users/saumyakr1232/followers","following_url":"https://api.github.com/users/saumyakr1232/following{/other_user}","gists_url":"https://api.github.com/users/saumyakr1232/gists{/gist_id}","starred_url":"https://api.github.com/users/saumyakr1232/starred{/owner}{/repo}","subscriptions_url":"https://api.github.com/users/saumyakr1232/subscriptions","organizations_url":"https://api.github.com/users/saumyakr1232/orgs","repos_url":"https://api.github.com/users/saumyakr1232/repos","events_url":"https://api.github.com/users/saumyakr1232/events{/privacy}","received_events_url":"https://api.github.com/users/saumyakr1232/received_events","type":"User","user_view_type":"private","site_admin":false,"name":"Saumya Kumar","company":null,"blog":"","location":null,"email":null,"hireable":null,"bio":null,"twitter_username":null,"notification_email":null,"public_repos":80,"public_gists":0,"followers":5,"following":10,"created_at":"2019-08-11T11:05:35Z","updated_at":"2025-12-17T13:25:37Z","private_gists":4,"total_private_repos":40,"owned_private_repos":40,"disk_usage":374608,"collaborators":4,"two_factor_authentication":true,"plan":{"name":"free","space":976562499,"collaborators":0,"private_repos":10000}}
[info] 
[info] ✔  Success! Logged into GitHub as saumyakr1232 
[info] 
